Added Component: Designator=P1(HDR1X2)
Added Component: Designator=P2(HDR1X8)
Added Component: Designator=P3(HDR1X3)
Added Component: Designator=P4(HDR1X3)
Added Component: Designator=R1(AXIAL-0.3)
Added Component: Designator=R2(AXIAL-0.3)
Added Component: Designator=R3(AXIAL-0.3)
Added Component: Designator=R4(AXIAL-0.3)
Added Component: Designator=R5(AXIAL-0.3)
Added Component: Designator=R6(AXIAL-0.3)
Added Component: Designator=R7(AXIAL-0.3)
Added Component: Designator=R8(AXIAL-0.3)
Added Component: Designator=R9(AXIAL-0.3)
Added Component: Designator=R10(AXIAL-0.3)
Added Component: Designator=R11(AXIAL-0.3)
Added Component: Designator=R12(AXIAL-0.3)
Added Component: Designator=R13(AXIAL-0.3)
Added Component: Designator=R14(AXIAL-0.3)
Added Component: Designator=R15(AXIAL-0.3)
Added Component: Designator=R16(AXIAL-0.3)
Added Component: Designator=U1(N014)
Added Component: Designator=U2(XDCR_TCRT5000L)
Added Component: Designator=U3(XDCR_TCRT5000L)
Added Component: Designator=U4(XDCR_TCRT5000L)
Added Component: Designator=U5(XDCR_TCRT5000L)
Added Component: Designator=U6(XDCR_TCRT5000L)
Added Component: Designator=U7(XDCR_TCRT5000L)
Added Component: Designator=U8(XDCR_TCRT5000L)
Added Component: Designator=U9(XDCR_TCRT5000L)
Added Component: Designator=U10(N014)
Added Pin To Net: NetName=GND Pin=P1-2
Added Pin To Net: NetName=GND Pin=P3-3
Added Pin To Net: NetName=GND Pin=P4-3
Added Pin To Net: NetName=GND Pin=R9-1
Added Pin To Net: NetName=GND Pin=R10-1
Added Pin To Net: NetName=GND Pin=R11-1
Added Pin To Net: NetName=GND Pin=R12-1
Added Pin To Net: NetName=GND Pin=R13-1
Added Pin To Net: NetName=GND Pin=R14-1
Added Pin To Net: NetName=GND Pin=R15-1
Added Pin To Net: NetName=GND Pin=R16-1
Added Pin To Net: NetName=GND Pin=U1-11
Added Pin To Net: NetName=GND Pin=U2-3
Added Pin To Net: NetName=GND Pin=U3-3
Added Pin To Net: NetName=GND Pin=U4-3
Added Pin To Net: NetName=GND Pin=U5-3
Added Pin To Net: NetName=GND Pin=U6-3
Added Pin To Net: NetName=GND Pin=U7-3
Added Pin To Net: NetName=GND Pin=U8-3
Added Pin To Net: NetName=GND Pin=U9-3
Added Pin To Net: NetName=GND Pin=U10-11
Added Net: Name=GND
Added Pin To Net: NetName=NetR1_1 Pin=R1-1
Added Pin To Net: NetName=NetR1_1 Pin=U2-4
Added Net: Name=NetR1_1
Added Pin To Net: NetName=NetR2_1 Pin=R2-1
Added Pin To Net: NetName=NetR2_1 Pin=U3-4
Added Net: Name=NetR2_1
Added Pin To Net: NetName=NetR3_1 Pin=R3-1
Added Pin To Net: NetName=NetR3_1 Pin=U4-4
Added Net: Name=NetR3_1
Added Pin To Net: NetName=NetR4_1 Pin=R4-1
Added Pin To Net: NetName=NetR4_1 Pin=U5-4
Added Net: Name=NetR4_1
Added Pin To Net: NetName=NetR5_1 Pin=R5-1
Added Pin To Net: NetName=NetR5_1 Pin=U6-4
Added Net: Name=NetR5_1
Added Pin To Net: NetName=NetR6_1 Pin=R6-1
Added Pin To Net: NetName=NetR6_1 Pin=U7-4
Added Net: Name=NetR6_1
Added Pin To Net: NetName=NetR7_1 Pin=R7-1
Added Pin To Net: NetName=NetR7_1 Pin=U8-4
Added Net: Name=NetR7_1
Added Pin To Net: NetName=NetR8_1 Pin=R8-1
Added Pin To Net: NetName=NetR8_1 Pin=U9-4
Added Net: Name=NetR8_1
Added Pin To Net: NetName=OP1 Pin=R9-2
Added Pin To Net: NetName=OP1 Pin=U1-3
Added Pin To Net: NetName=OP1 Pin=U2-2
Added Net: Name=OP1
Added Pin To Net: NetName=OP2 Pin=R10-2
Added Pin To Net: NetName=OP2 Pin=U1-5
Added Pin To Net: NetName=OP2 Pin=U3-2
Added Net: Name=OP2
Added Pin To Net: NetName=OP3 Pin=R11-2
Added Pin To Net: NetName=OP3 Pin=U1-10
Added Pin To Net: NetName=OP3 Pin=U4-2
Added Net: Name=OP3
Added Pin To Net: NetName=OP4 Pin=R12-2
Added Pin To Net: NetName=OP4 Pin=U1-12
Added Pin To Net: NetName=OP4 Pin=U5-2
Added Net: Name=OP4
Added Pin To Net: NetName=OP5 Pin=R13-2
Added Pin To Net: NetName=OP5 Pin=U6-2
Added Pin To Net: NetName=OP5 Pin=U10-3
Added Net: Name=OP5
Added Pin To Net: NetName=OP6 Pin=R14-2
Added Pin To Net: NetName=OP6 Pin=U7-2
Added Pin To Net: NetName=OP6 Pin=U10-5
Added Net: Name=OP6
Added Pin To Net: NetName=OP7 Pin=R15-2
Added Pin To Net: NetName=OP7 Pin=U8-2
Added Pin To Net: NetName=OP7 Pin=U10-10
Added Net: Name=OP7
Added Pin To Net: NetName=OP8 Pin=R16-2
Added Pin To Net: NetName=OP8 Pin=U9-2
Added Pin To Net: NetName=OP8 Pin=U10-12
Added Net: Name=OP8
Added Pin To Net: NetName=OT1 Pin=P2-1
Added Pin To Net: NetName=OT1 Pin=U1-1
Added Net: Name=OT1
Added Pin To Net: NetName=OT2 Pin=P2-2
Added Pin To Net: NetName=OT2 Pin=U1-7
Added Net: Name=OT2
Added Pin To Net: NetName=OT3 Pin=P2-3
Added Pin To Net: NetName=OT3 Pin=U1-8
Added Net: Name=OT3
Added Pin To Net: NetName=OT4 Pin=P2-4
Added Pin To Net: NetName=OT4 Pin=U1-14
Added Net: Name=OT4
Added Pin To Net: NetName=OT5 Pin=P2-5
Added Pin To Net: NetName=OT5 Pin=U10-1
Added Net: Name=OT5
Added Pin To Net: NetName=OT6 Pin=P2-6
Added Pin To Net: NetName=OT6 Pin=U10-7
Added Net: Name=OT6
Added Pin To Net: NetName=OT7 Pin=P2-7
Added Pin To Net: NetName=OT7 Pin=U10-8
Added Net: Name=OT7
Added Pin To Net: NetName=OT8 Pin=P2-8
Added Pin To Net: NetName=OT8 Pin=U10-14
Added Net: Name=OT8
Added Pin To Net: NetName=POT1 Pin=P3-2
Added Pin To Net: NetName=POT1 Pin=U1-2
Added Pin To Net: NetName=POT1 Pin=U1-6
Added Pin To Net: NetName=POT1 Pin=U1-9
Added Pin To Net: NetName=POT1 Pin=U1-13
Added Net: Name=POT1
Added Pin To Net: NetName=POT2 Pin=P4-2
Added Pin To Net: NetName=POT2 Pin=U10-2
Added Pin To Net: NetName=POT2 Pin=U10-6
Added Pin To Net: NetName=POT2 Pin=U10-9
Added Pin To Net: NetName=POT2 Pin=U10-13
Added Net: Name=POT2
Added Pin To Net: NetName=VCC Pin=P1-1
Added Pin To Net: NetName=VCC Pin=P3-1
Added Pin To Net: NetName=VCC Pin=P4-1
Added Pin To Net: NetName=VCC Pin=R1-2
Added Pin To Net: NetName=VCC Pin=R2-2
Added Pin To Net: NetName=VCC Pin=R3-2
Added Pin To Net: NetName=VCC Pin=R4-2
Added Pin To Net: NetName=VCC Pin=R5-2
Added Pin To Net: NetName=VCC Pin=R6-2
Added Pin To Net: NetName=VCC Pin=R7-2
Added Pin To Net: NetName=VCC Pin=R8-2
Added Pin To Net: NetName=VCC Pin=U1-4
Added Pin To Net: NetName=VCC Pin=U2-1
Added Pin To Net: NetName=VCC Pin=U3-1
Added Pin To Net: NetName=VCC Pin=U4-1
Added Pin To Net: NetName=VCC Pin=U5-1
Added Pin To Net: NetName=VCC Pin=U6-1
Added Pin To Net: NetName=VCC Pin=U7-1
Added Pin To Net: NetName=VCC Pin=U8-1
Added Pin To Net: NetName=VCC Pin=U9-1
Added Pin To Net: NetName=VCC Pin=U10-4
Added Net: Name=VCC
Added Class: Name=IR_PAIR
